[16-Feb-2025 00:22:06 UTC] PHP Warning:  Attempt to read property "title" on null in C:\Users\micha\Local Sites\salem-events-hub-discover-local-happenings\app\public\wp-includes\class-wp-customize-widgets.php on line 923
[16-Feb-2025 00:28:52 UTC] PHP Warning:  Attempt to read property "title" on null in C:\Users\micha\Local Sites\salem-events-hub-discover-local-happenings\app\public\wp-includes\class-wp-customize-widgets.php on line 923
[16-Feb-2025 00:31:37 UTC] PHP Warning:  Attempt to read property "title" on null in C:\Users\micha\Local Sites\salem-events-hub-discover-local-happenings\app\public\wp-includes\class-wp-customize-widgets.php on line 923
[16-Feb-2025 00:31:54 UTC] PHP Warning:  Attempt to read property "title" on null in C:\Users\micha\Local Sites\salem-events-hub-discover-local-happenings\app\public\wp-includes\class-wp-customize-widgets.php on line 923
[16-Feb-2025 00:44:28 UTC] PHP Warning:  Attempt to read property "title" on null in C:\Users\micha\Local Sites\salem-events-hub-discover-local-happenings\app\public\wp-includes\class-wp-customize-widgets.php on line 923
[16-Feb-2025 01:02:32 UTC] PHP Warning:  Attempt to read property "title" on null in C:\Users\micha\Local Sites\salem-events-hub-discover-local-happenings\app\public\wp-includes\class-wp-customize-widgets.php on line 923
[16-Feb-2025 01:09:14 UTC] PHP Warning:  Attempt to read property "title" on null in C:\Users\micha\Local Sites\salem-events-hub-discover-local-happenings\app\public\wp-includes\class-wp-customize-widgets.php on line 923
[16-Feb-2025 01:15:00 UTC] PHP Warning:  Undefined array key "mega-menu" in C:\Users\micha\Local Sites\salem-events-hub-discover-local-happenings\app\public\wp-content\plugins\elementor\modules\ai\connect\ai.php on line 776
[16-Feb-2025 01:15:00 UTC] PHP Warning:  Undefined array key "mega-menu" in C:\Users\micha\Local Sites\salem-events-hub-discover-local-happenings\app\public\wp-content\plugins\elementor\modules\ai\connect\ai.php on line 776
[16-Feb-2025 01:15:01 UTC] PHP Warning:  Undefined array key "mega-menu" in C:\Users\micha\Local Sites\salem-events-hub-discover-local-happenings\app\public\wp-content\plugins\elementor\modules\ai\connect\ai.php on line 776
[16-Feb-2025 01:22:33 UTC] [Image Optimizer]: info in ImageOptimization\Modules\Core\Components\Migrations->run_migration(): The migration `fix_optimized_size_keys` successfully executed.
[16-Feb-2025 01:22:33 UTC] [Image Optimizer]: info in ImageOptimization\Modules\Core\Components\Migrations->run_migration(): The migration `fix_mime_type` successfully executed.
[16-Feb-2025 01:22:33 UTC] [Image Optimizer]: info in ImageOptimization\Modules\Core\Components\Migrations->run_migration(): The migration `fix_avif_with_zero_dimensions` successfully executed.
[16-Feb-2025 01:30:53 UTC] [Image Optimizer]: info in ImageOptimization\Modules\ConnectManager\Components\Connect->get_connect_status(): Status check error. Reason: User is not connected
[16-Feb-2025 01:30:56 UTC] [Image Optimizer]: info in ImageOptimization\Modules\ConnectManager\Components\Connect->get_connect_status(): Status check error. Reason: User is not connected
[16-Feb-2025 01:50:28 UTC] [Image Optimizer]: info in ImageOptimization\Modules\Optimization\Classes\Optimize_Image->optimize(): Start optimization of 126
[16-Feb-2025 01:50:38 UTC] [Image Optimizer]: info in ImageOptimization\Modules\Optimization\Classes\Optimize_Image->optimize(): End optimization of 126
[16-Feb-2025 02:03:36 UTC] PHP Warning:  Attempt to read property "title" on null in C:\Users\micha\Local Sites\salem-events-hub-discover-local-happenings\app\public\wp-includes\class-wp-customize-widgets.php on line 923
[16-Feb-2025 02:03:40 UTC] PHP Warning:  Attempt to read property "title" on null in C:\Users\micha\Local Sites\salem-events-hub-discover-local-happenings\app\public\wp-includes\class-wp-customize-widgets.php on line 923
[16-Feb-2025 02:19:13 UTC] PHP Fatal error:  Uncaught TypeError: Elementor\Elements_Manager::create_element_instance(): Argument #1 ($element_data) must be of type array, bool given, called in C:\Users\micha\Local Sites\salem-events-hub-discover-local-happenings\app\public\wp-content\plugins\elementor-pro\core\utils.php on line 429 and defined in C:\Users\micha\Local Sites\salem-events-hub-discover-local-happenings\app\public\wp-content\plugins\elementor\includes\managers\elements.php:70
Stack trace:
#0 C:\Users\micha\Local Sites\salem-events-hub-discover-local-happenings\app\public\wp-content\plugins\elementor-pro\core\utils.php(429): Elementor\Elements_Manager->create_element_instance(false)
#1 C:\Users\micha\Local Sites\salem-events-hub-discover-local-happenings\app\public\wp-content\plugins\elementor-pro\modules\search\module.php(92): ElementorPro\Core\Utils::create_widget_instance_from_db('123', 'bf23fb7')
#2 C:\Users\micha\Local Sites\salem-events-hub-discover-local-happenings\app\public\wp-content\plugins\elementor-pro\modules\search\module.php(79): ElementorPro\Modules\Search\Module->get_query_based_on_widget_props('bf23fb7-123')
#3 C:\Users\micha\Local Sites\salem-events-hub-discover-local-happenings\app\public\wp-includes\class-wp-hook.php(324): ElementorPro\Modules\Search\Module->set_query(Object(WP_Query))
#4 C:\Users\micha\Local Sites\salem-events-hub-discover-local-happenings\app\public\wp-includes\class-wp-hook.php(348): WP_Hook->apply_filters(NULL, Array)
#5 C:\Users\micha\Local Sites\salem-events-hub-discover-local-happenings\app\public\wp-includes\plugin.php(565): WP_Hook->do_action(Array)
#6 C:\Users\micha\Local Sites\salem-events-hub-discover-local-happenings\app\public\wp-includes\class-wp-query.php(1881): do_action_ref_array('pre_get_posts', Array)
#7 C:\Users\micha\Local Sites\salem-events-hub-discover-local-happenings\app\public\wp-includes\class-wp-query.php(3852): WP_Query->get_posts()
#8 C:\Users\micha\Local Sites\salem-events-hub-discover-local-happenings\app\public\wp-includes\class-wp.php(696): WP_Query->query(Array)
#9 C:\Users\micha\Local Sites\salem-events-hub-discover-local-happenings\app\public\wp-includes\class-wp.php(816): WP->query_posts()
#10 C:\Users\micha\Local Sites\salem-events-hub-discover-local-happenings\app\public\wp-includes\functions.php(1336): WP->main('')
#11 C:\Users\micha\Local Sites\salem-events-hub-discover-local-happenings\app\public\wp-blog-header.php(16): wp()
#12 C:\Users\micha\Local Sites\salem-events-hub-discover-local-happenings\app\public\index.php(17): require('C:\\Users\\micha\\...')
#13 {main}
  thrown in C:\Users\micha\Local Sites\salem-events-hub-discover-local-happenings\app\public\wp-content\plugins\elementor\includes\managers\elements.php on line 70
[16-Feb-2025 02:19:20 UTC] PHP Fatal error:  Uncaught TypeError: Elementor\Elements_Manager::create_element_instance(): Argument #1 ($element_data) must be of type array, bool given, called in C:\Users\micha\Local Sites\salem-events-hub-discover-local-happenings\app\public\wp-content\plugins\elementor-pro\core\utils.php on line 429 and defined in C:\Users\micha\Local Sites\salem-events-hub-discover-local-happenings\app\public\wp-content\plugins\elementor\includes\managers\elements.php:70
Stack trace:
#0 C:\Users\micha\Local Sites\salem-events-hub-discover-local-happenings\app\public\wp-content\plugins\elementor-pro\core\utils.php(429): Elementor\Elements_Manager->create_element_instance(false)
#1 C:\Users\micha\Local Sites\salem-events-hub-discover-local-happenings\app\public\wp-content\plugins\elementor-pro\modules\search\module.php(92): ElementorPro\Core\Utils::create_widget_instance_from_db('123', 'bf23fb7')
#2 C:\Users\micha\Local Sites\salem-events-hub-discover-local-happenings\app\public\wp-content\plugins\elementor-pro\modules\search\module.php(79): ElementorPro\Modules\Search\Module->get_query_based_on_widget_props('bf23fb7-123')
#3 C:\Users\micha\Local Sites\salem-events-hub-discover-local-happenings\app\public\wp-includes\class-wp-hook.php(324): ElementorPro\Modules\Search\Module->set_query(Object(WP_Query))
#4 C:\Users\micha\Local Sites\salem-events-hub-discover-local-happenings\app\public\wp-includes\class-wp-hook.php(348): WP_Hook->apply_filters(NULL, Array)
#5 C:\Users\micha\Local Sites\salem-events-hub-discover-local-happenings\app\public\wp-includes\plugin.php(565): WP_Hook->do_action(Array)
#6 C:\Users\micha\Local Sites\salem-events-hub-discover-local-happenings\app\public\wp-includes\class-wp-query.php(1881): do_action_ref_array('pre_get_posts', Array)
#7 C:\Users\micha\Local Sites\salem-events-hub-discover-local-happenings\app\public\wp-includes\class-wp-query.php(3852): WP_Query->get_posts()
#8 C:\Users\micha\Local Sites\salem-events-hub-discover-local-happenings\app\public\wp-includes\class-wp.php(696): WP_Query->query(Array)
#9 C:\Users\micha\Local Sites\salem-events-hub-discover-local-happenings\app\public\wp-includes\class-wp.php(816): WP->query_posts()
#10 C:\Users\micha\Local Sites\salem-events-hub-discover-local-happenings\app\public\wp-includes\functions.php(1336): WP->main('')
#11 C:\Users\micha\Local Sites\salem-events-hub-discover-local-happenings\app\public\wp-blog-header.php(16): wp()
#12 C:\Users\micha\Local Sites\salem-events-hub-discover-local-happenings\app\public\index.php(17): require('C:\\Users\\micha\\...')
#13 {main}
  thrown in C:\Users\micha\Local Sites\salem-events-hub-discover-local-happenings\app\public\wp-content\plugins\elementor\includes\managers\elements.php on line 70
[16-Feb-2025 02:20:49 UTC] PHP Warning:  Undefined array key "id" in C:\Users\micha\Local Sites\salem-events-hub-discover-local-happenings\app\public\wp-content\plugins\elementor\includes\managers\image.php on line 41
[16-Feb-2025 02:20:49 UTC] PHP Warning:  Undefined array key "id" in C:\Users\micha\Local Sites\salem-events-hub-discover-local-happenings\app\public\wp-content\plugins\elementor\includes\managers\image.php on line 41
[16-Feb-2025 02:20:49 UTC] PHP Warning:  Trying to access array offset on value of type bool in C:\Users\micha\Local Sites\salem-events-hub-discover-local-happenings\app\public\wp-content\plugins\elementor\includes\managers\image.php on line 113
[16-Feb-2025 02:20:49 UTC] PHP Warning:  Trying to access array offset on value of type bool in C:\Users\micha\Local Sites\salem-events-hub-discover-local-happenings\app\public\wp-content\plugins\elementor\includes\managers\image.php on line 113
[16-Feb-2025 02:20:49 UTC] PHP Warning:  Trying to access array offset on value of type bool in C:\Users\micha\Local Sites\salem-events-hub-discover-local-happenings\app\public\wp-content\plugins\elementor\includes\managers\image.php on line 113
[16-Feb-2025 02:20:49 UTC] PHP Warning:  Trying to access array offset on value of type bool in C:\Users\micha\Local Sites\salem-events-hub-discover-local-happenings\app\public\wp-content\plugins\elementor\includes\managers\image.php on line 113
[16-Feb-2025 02:20:49 UTC] PHP Warning:  Trying to access array offset on value of type bool in C:\Users\micha\Local Sites\salem-events-hub-discover-local-happenings\app\public\wp-content\plugins\elementor\includes\managers\image.php on line 113
[16-Feb-2025 02:20:49 UTC] PHP Warning:  Trying to access array offset on value of type bool in C:\Users\micha\Local Sites\salem-events-hub-discover-local-happenings\app\public\wp-content\plugins\elementor\includes\managers\image.php on line 113
[16-Feb-2025 02:20:49 UTC] PHP Warning:  Trying to access array offset on value of type bool in C:\Users\micha\Local Sites\salem-events-hub-discover-local-happenings\app\public\wp-content\plugins\elementor\includes\managers\image.php on line 113
[16-Feb-2025 02:20:49 UTC] PHP Warning:  Trying to access array offset on value of type bool in C:\Users\micha\Local Sites\salem-events-hub-discover-local-happenings\app\public\wp-content\plugins\elementor\includes\managers\image.php on line 113
[16-Feb-2025 02:21:33 UTC] [Image Optimizer]: info in ImageOptimization\Modules\Optimization\Classes\Optimize_Image->optimize(): Start optimization of 140
[16-Feb-2025 02:21:49 UTC] [Image Optimizer]: info in ImageOptimization\Modules\Optimization\Classes\Optimize_Image->optimize(): End optimization of 140
[19-Feb-2025 02:00:07 UTC] PHP Warning:  Attempt to read property "title" on null in C:\Users\micha\Local Sites\salem-events-hub-discover-local-happenings\app\public\wp-includes\class-wp-customize-widgets.php on line 923
[20-Feb-2025 19:01:05 UTC] PHP Warning:  Undefined array key "editor_post_id" in C:\Users\micha\Local Sites\salem-events-hub-discover-local-happenings\app\public\wp-content\plugins\elementor-pro\modules\theme-builder\classes\conditions-manager.php on line 182
[20-Feb-2025 19:10:44 UTC] [Image Optimizer]: info in ImageOptimization\Modules\Optimization\Classes\Optimize_Image->optimize(): Start optimization of 187
[20-Feb-2025 19:10:55 UTC] [Image Optimizer]: info in ImageOptimization\Modules\Optimization\Classes\Optimize_Image->optimize(): End optimization of 187
[20-Feb-2025 19:11:04 UTC] [Image Optimizer]: info in ImageOptimization\Modules\Optimization\Classes\Optimize_Image->optimize(): Start optimization of 188
[20-Feb-2025 19:11:19 UTC] [Image Optimizer]: info in ImageOptimization\Modules\Optimization\Classes\Optimize_Image->optimize(): End optimization of 188
[20-Feb-2025 19:15:10 UTC] PHP Warning:  Undefined array key "mega-menu" in C:\Users\micha\Local Sites\salem-events-hub-discover-local-happenings\app\public\wp-content\plugins\elementor\modules\ai\connect\ai.php on line 776
[20-Feb-2025 19:15:10 UTC] PHP Warning:  Undefined array key "mega-menu" in C:\Users\micha\Local Sites\salem-events-hub-discover-local-happenings\app\public\wp-content\plugins\elementor\modules\ai\connect\ai.php on line 776
[20-Feb-2025 19:15:20 UTC] PHP Warning:  Undefined array key "mega-menu" in C:\Users\micha\Local Sites\salem-events-hub-discover-local-happenings\app\public\wp-content\plugins\elementor\modules\ai\connect\ai.php on line 776
[20-Feb-2025 19:17:25 UTC] PHP Warning:  Undefined array key "mega-menu" in C:\Users\micha\Local Sites\salem-events-hub-discover-local-happenings\app\public\wp-content\plugins\elementor\modules\ai\connect\ai.php on line 776
[20-Feb-2025 19:17:25 UTC] PHP Warning:  Undefined array key "mega-menu" in C:\Users\micha\Local Sites\salem-events-hub-discover-local-happenings\app\public\wp-content\plugins\elementor\modules\ai\connect\ai.php on line 776
[20-Feb-2025 19:17:35 UTC] PHP Warning:  Trying to access array offset on value of type bool in C:\Users\micha\Local Sites\salem-events-hub-discover-local-happenings\app\public\wp-content\plugins\elementor\includes\managers\image.php on line 113
[20-Feb-2025 19:17:35 UTC] PHP Warning:  Trying to access array offset on value of type bool in C:\Users\micha\Local Sites\salem-events-hub-discover-local-happenings\app\public\wp-content\plugins\elementor\includes\managers\image.php on line 113
[20-Feb-2025 19:17:35 UTC] PHP Warning:  Trying to access array offset on value of type bool in C:\Users\micha\Local Sites\salem-events-hub-discover-local-happenings\app\public\wp-content\plugins\elementor\includes\managers\image.php on line 113
[20-Feb-2025 19:17:35 UTC] PHP Warning:  Trying to access array offset on value of type bool in C:\Users\micha\Local Sites\salem-events-hub-discover-local-happenings\app\public\wp-content\plugins\elementor\includes\managers\image.php on line 113
[20-Feb-2025 19:17:35 UTC] PHP Warning:  Trying to access array offset on value of type bool in C:\Users\micha\Local Sites\salem-events-hub-discover-local-happenings\app\public\wp-content\plugins\elementor\includes\managers\image.php on line 113
[20-Feb-2025 19:17:35 UTC] PHP Warning:  Trying to access array offset on value of type bool in C:\Users\micha\Local Sites\salem-events-hub-discover-local-happenings\app\public\wp-content\plugins\elementor\includes\managers\image.php on line 113
[20-Feb-2025 19:17:35 UTC] PHP Warning:  Trying to access array offset on value of type bool in C:\Users\micha\Local Sites\salem-events-hub-discover-local-happenings\app\public\wp-content\plugins\elementor\includes\managers\image.php on line 113
[20-Feb-2025 19:17:35 UTC] PHP Warning:  Trying to access array offset on value of type bool in C:\Users\micha\Local Sites\salem-events-hub-discover-local-happenings\app\public\wp-content\plugins\elementor\includes\managers\image.php on line 113
[20-Feb-2025 19:17:36 UTC] PHP Warning:  Undefined array key "mega-menu" in C:\Users\micha\Local Sites\salem-events-hub-discover-local-happenings\app\public\wp-content\plugins\elementor\modules\ai\connect\ai.php on line 776
[20-Feb-2025 19:17:47 UTC] PHP Warning:  Trying to access array offset on value of type bool in C:\Users\micha\Local Sites\salem-events-hub-discover-local-happenings\app\public\wp-content\plugins\elementor\includes\managers\image.php on line 113
[20-Feb-2025 19:17:47 UTC] PHP Warning:  Trying to access array offset on value of type bool in C:\Users\micha\Local Sites\salem-events-hub-discover-local-happenings\app\public\wp-content\plugins\elementor\includes\managers\image.php on line 113
[20-Feb-2025 19:17:47 UTC] PHP Warning:  Trying to access array offset on value of type bool in C:\Users\micha\Local Sites\salem-events-hub-discover-local-happenings\app\public\wp-content\plugins\elementor\includes\managers\image.php on line 113
[20-Feb-2025 19:17:47 UTC] PHP Warning:  Trying to access array offset on value of type bool in C:\Users\micha\Local Sites\salem-events-hub-discover-local-happenings\app\public\wp-content\plugins\elementor\includes\managers\image.php on line 113
[20-Feb-2025 19:17:47 UTC] PHP Warning:  Trying to access array offset on value of type bool in C:\Users\micha\Local Sites\salem-events-hub-discover-local-happenings\app\public\wp-content\plugins\elementor\includes\managers\image.php on line 113
[20-Feb-2025 19:17:47 UTC] PHP Warning:  Trying to access array offset on value of type bool in C:\Users\micha\Local Sites\salem-events-hub-discover-local-happenings\app\public\wp-content\plugins\elementor\includes\managers\image.php on line 113
[20-Feb-2025 19:17:47 UTC] PHP Warning:  Trying to access array offset on value of type bool in C:\Users\micha\Local Sites\salem-events-hub-discover-local-happenings\app\public\wp-content\plugins\elementor\includes\managers\image.php on line 113
[20-Feb-2025 19:17:47 UTC] PHP Warning:  Trying to access array offset on value of type bool in C:\Users\micha\Local Sites\salem-events-hub-discover-local-happenings\app\public\wp-content\plugins\elementor\includes\managers\image.php on line 113
[20-Feb-2025 19:17:50 UTC] PHP Warning:  Trying to access array offset on value of type bool in C:\Users\micha\Local Sites\salem-events-hub-discover-local-happenings\app\public\wp-content\plugins\elementor\includes\managers\image.php on line 113
[20-Feb-2025 19:18:40 UTC] PHP Warning:  Trying to access array offset on value of type bool in C:\Users\micha\Local Sites\salem-events-hub-discover-local-happenings\app\public\wp-content\plugins\elementor\includes\managers\image.php on line 113
[20-Feb-2025 19:19:44 UTC] PHP Warning:  Trying to access array offset on value of type bool in C:\Users\micha\Local Sites\salem-events-hub-discover-local-happenings\app\public\wp-content\plugins\elementor\includes\managers\image.php on line 113
[20-Feb-2025 19:23:20 UTC] PHP Warning:  Trying to access array offset on value of type bool in C:\Users\micha\Local Sites\salem-events-hub-discover-local-happenings\app\public\wp-content\plugins\elementor\includes\managers\image.php on line 113
[20-Feb-2025 19:24:07 UTC] PHP Warning:  Trying to access array offset on value of type bool in C:\Users\micha\Local Sites\salem-events-hub-discover-local-happenings\app\public\wp-content\plugins\elementor\includes\managers\image.php on line 113
[20-Feb-2025 19:24:40 UTC] PHP Warning:  Trying to access array offset on value of type bool in C:\Users\micha\Local Sites\salem-events-hub-discover-local-happenings\app\public\wp-content\plugins\elementor\includes\managers\image.php on line 113
[20-Feb-2025 19:25:28 UTC] PHP Warning:  Trying to access array offset on value of type bool in C:\Users\micha\Local Sites\salem-events-hub-discover-local-happenings\app\public\wp-content\plugins\elementor\includes\managers\image.php on line 113
[20-Feb-2025 19:25:44 UTC] PHP Warning:  Trying to access array offset on value of type bool in C:\Users\micha\Local Sites\salem-events-hub-discover-local-happenings\app\public\wp-content\plugins\elementor\includes\managers\image.php on line 113
[20-Feb-2025 19:25:58 UTC] PHP Warning:  Trying to access array offset on value of type bool in C:\Users\micha\Local Sites\salem-events-hub-discover-local-happenings\app\public\wp-content\plugins\elementor\includes\managers\image.php on line 113
[20-Feb-2025 19:33:29 UTC] [Image Optimizer]: info in ImageOptimization\Modules\Optimization\Classes\Optimize_Image->optimize(): Start optimization of 194
[20-Feb-2025 19:33:55 UTC] [Image Optimizer]: info in ImageOptimization\Modules\Optimization\Classes\Optimize_Image->optimize(): End optimization of 194
[20-Feb-2025 19:34:01 UTC] [Image Optimizer]: info in ImageOptimization\Modules\Optimization\Classes\Optimize_Image->optimize(): Start optimization of 195
[20-Feb-2025 19:34:21 UTC] [Image Optimizer]: info in ImageOptimization\Modules\Optimization\Classes\Optimize_Image->optimize(): End optimization of 195
[20-Feb-2025 19:34:32 UTC] [Image Optimizer]: info in ImageOptimization\Modules\Optimization\Classes\Optimize_Image->optimize(): Start optimization of 196
[20-Feb-2025 19:34:35 UTC] [Image Optimizer]: info in ImageOptimization\Modules\Optimization\Classes\Optimize_Image->optimize(): End optimization of 196
[20-Feb-2025 19:34:35 UTC] [Image Optimizer]: info in ImageOptimization\Modules\Optimization\Classes\Optimize_Image->optimize(): Start optimization of 197
[20-Feb-2025 19:34:39 UTC] [Image Optimizer]: info in ImageOptimization\Modules\Optimization\Classes\Optimize_Image->optimize(): End optimization of 197
[21-Feb-2025 04:16:57 UTC] PHP Warning:  Trying to access array offset on value of type bool in C:\Users\micha\Local Sites\salem-events-hub-discover-local-happenings\app\public\wp-content\plugins\elementor\includes\managers\image.php on line 113
[21-Feb-2025 04:16:57 UTC] PHP Warning:  Trying to access array offset on value of type bool in C:\Users\micha\Local Sites\salem-events-hub-discover-local-happenings\app\public\wp-content\plugins\elementor\includes\managers\image.php on line 113
[21-Feb-2025 04:16:57 UTC] PHP Warning:  Trying to access array offset on value of type bool in C:\Users\micha\Local Sites\salem-events-hub-discover-local-happenings\app\public\wp-content\plugins\elementor\includes\managers\image.php on line 113
[21-Feb-2025 04:16:57 UTC] PHP Warning:  Trying to access array offset on value of type bool in C:\Users\micha\Local Sites\salem-events-hub-discover-local-happenings\app\public\wp-content\plugins\elementor\includes\managers\image.php on line 113
[21-Feb-2025 04:16:57 UTC] PHP Warning:  Trying to access array offset on value of type bool in C:\Users\micha\Local Sites\salem-events-hub-discover-local-happenings\app\public\wp-content\plugins\elementor\includes\managers\image.php on line 113
[21-Feb-2025 04:16:57 UTC] PHP Warning:  Trying to access array offset on value of type bool in C:\Users\micha\Local Sites\salem-events-hub-discover-local-happenings\app\public\wp-content\plugins\elementor\includes\managers\image.php on line 113
[21-Feb-2025 04:16:57 UTC] PHP Warning:  Trying to access array offset on value of type bool in C:\Users\micha\Local Sites\salem-events-hub-discover-local-happenings\app\public\wp-content\plugins\elementor\includes\managers\image.php on line 113
[21-Feb-2025 04:16:57 UTC] PHP Warning:  Trying to access array offset on value of type bool in C:\Users\micha\Local Sites\salem-events-hub-discover-local-happenings\app\public\wp-content\plugins\elementor\includes\managers\image.php on line 113
[21-Feb-2025 04:31:07 UTC] PHP Warning:  Trying to access array offset on value of type bool in C:\Users\micha\Local Sites\salem-events-hub-discover-local-happenings\app\public\wp-content\plugins\elementor\includes\managers\image.php on line 113
[21-Feb-2025 04:31:07 UTC] PHP Warning:  Trying to access array offset on value of type bool in C:\Users\micha\Local Sites\salem-events-hub-discover-local-happenings\app\public\wp-content\plugins\elementor\includes\managers\image.php on line 113
[21-Feb-2025 04:31:07 UTC] PHP Warning:  Trying to access array offset on value of type bool in C:\Users\micha\Local Sites\salem-events-hub-discover-local-happenings\app\public\wp-content\plugins\elementor\includes\managers\image.php on line 113
[21-Feb-2025 04:31:07 UTC] PHP Warning:  Trying to access array offset on value of type bool in C:\Users\micha\Local Sites\salem-events-hub-discover-local-happenings\app\public\wp-content\plugins\elementor\includes\managers\image.php on line 113
[21-Feb-2025 04:31:07 UTC] PHP Warning:  Trying to access array offset on value of type bool in C:\Users\micha\Local Sites\salem-events-hub-discover-local-happenings\app\public\wp-content\plugins\elementor\includes\managers\image.php on line 113
[21-Feb-2025 04:31:07 UTC] PHP Warning:  Trying to access array offset on value of type bool in C:\Users\micha\Local Sites\salem-events-hub-discover-local-happenings\app\public\wp-content\plugins\elementor\includes\managers\image.php on line 113
[21-Feb-2025 04:31:07 UTC] PHP Warning:  Trying to access array offset on value of type bool in C:\Users\micha\Local Sites\salem-events-hub-discover-local-happenings\app\public\wp-content\plugins\elementor\includes\managers\image.php on line 113
[21-Feb-2025 04:31:07 UTC] PHP Warning:  Trying to access array offset on value of type bool in C:\Users\micha\Local Sites\salem-events-hub-discover-local-happenings\app\public\wp-content\plugins\elementor\includes\managers\image.php on line 113
[21-Feb-2025 05:13:53 UTC] [Image Optimizer]: info in ImageOptimization\Modules\Optimization\Classes\Optimize_Image->optimize(): Start optimization of 255
[21-Feb-2025 05:13:56 UTC] [Image Optimizer]: error in ImageOptimization\Modules\ConnectManager\Components\Connect->get_connect_status(): Status check error. Reason: Token Auth Guard Request Failed!: Invalid Token
[21-Feb-2025 05:14:00 UTC] [Image Optimizer]: info in ImageOptimization\Modules\Optimization\Classes\Optimize_Image->optimize(): End optimization of 255
[21-Feb-2025 05:26:21 UTC] [Image Optimizer]: info in ImageOptimization\Modules\Optimization\Classes\Optimize_Image->optimize(): Start optimization of 259
[21-Feb-2025 05:26:24 UTC] [Image Optimizer]: error in ImageOptimization\Modules\Optimization\Components\Upload_Optimization->optimize_image_on_upload(): Optimization error. Reason: Optimized image failed
[21-Feb-2025 05:26:24 UTC] [Image Optimizer]: info in ImageOptimization\Modules\Optimization\Classes\Optimize_Image->optimize(): Start optimization of 260
[21-Feb-2025 05:26:32 UTC] [Image Optimizer]: info in ImageOptimization\Modules\Optimization\Classes\Optimize_Image->optimize(): End optimization of 260
[21-Feb-2025 05:26:32 UTC] [Image Optimizer]: info in ImageOptimization\Modules\Optimization\Classes\Optimize_Image->optimize(): Start optimization of 261
[21-Feb-2025 05:26:40 UTC] [Image Optimizer]: info in ImageOptimization\Modules\Optimization\Classes\Optimize_Image->optimize(): End optimization of 261
[21-Feb-2025 05:30:42 UTC] [Image Optimizer]: info in ImageOptimization\Modules\Optimization\Classes\Optimize_Image->optimize(): Start optimization of 263
[21-Feb-2025 05:30:49 UTC] [Image Optimizer]: info in ImageOptimization\Modules\Optimization\Classes\Optimize_Image->optimize(): End optimization of 263
[21-Feb-2025 05:42:01 UTC] [Image Optimizer]: info in ImageOptimization\Modules\Optimization\Classes\Optimize_Image->optimize(): Start optimization of 275
[21-Feb-2025 05:42:16 UTC] [Image Optimizer]: info in ImageOptimization\Modules\Optimization\Classes\Optimize_Image->optimize(): End optimization of 275
[21-Feb-2025 15:25:00 UTC] Cron reschedule event error for hook: action_scheduler_run_queue, Error code: could_not_set, Error message: The cron event list could not be saved., Data: {"schedule":"every_minute","args":["WP Cron"],"interval":60}
[21-Feb-2025 15:25:00 UTC] Cron reschedule event error for hook: wp_privacy_delete_old_export_files, Error code: could_not_set, Error message: The cron event list could not be saved., Data: {"schedule":"hourly","args":[],"interval":3600}
[21-Feb-2025 15:35:30 UTC] [Image Optimizer]: info in ImageOptimization\Modules\Optimization\Classes\Optimize_Image->optimize(): Start optimization of 287
[21-Feb-2025 15:35:48 UTC] [Image Optimizer]: info in ImageOptimization\Modules\Optimization\Classes\Optimize_Image->optimize(): End optimization of 287
[21-Feb-2025 15:35:54 UTC] [Image Optimizer]: info in ImageOptimization\Modules\Optimization\Classes\Optimize_Image->optimize(): Start optimization of 288
[21-Feb-2025 15:36:11 UTC] [Image Optimizer]: info in ImageOptimization\Modules\Optimization\Classes\Optimize_Image->optimize(): End optimization of 288
[21-Feb-2025 15:36:19 UTC] [Image Optimizer]: info in ImageOptimization\Modules\Optimization\Classes\Optimize_Image->optimize(): Start optimization of 289
[21-Feb-2025 15:36:34 UTC] [Image Optimizer]: info in ImageOptimization\Modules\Optimization\Classes\Optimize_Image->optimize(): End optimization of 289
[21-Feb-2025 16:26:13 UTC] PHP Warning:  Trying to access array offset on value of type bool in C:\Users\micha\Local Sites\salem-events-hub-discover-local-happenings\app\public\wp-content\plugins\elementor\includes\managers\image.php on line 113
[21-Feb-2025 16:26:13 UTC] PHP Warning:  Trying to access array offset on value of type bool in C:\Users\micha\Local Sites\salem-events-hub-discover-local-happenings\app\public\wp-content\plugins\elementor\includes\managers\image.php on line 113
[21-Feb-2025 16:26:13 UTC] PHP Warning:  Trying to access array offset on value of type bool in C:\Users\micha\Local Sites\salem-events-hub-discover-local-happenings\app\public\wp-content\plugins\elementor\includes\managers\image.php on line 113
[21-Feb-2025 16:26:13 UTC] PHP Warning:  Trying to access array offset on value of type bool in C:\Users\micha\Local Sites\salem-events-hub-discover-local-happenings\app\public\wp-content\plugins\elementor\includes\managers\image.php on line 113
[21-Feb-2025 16:26:13 UTC] PHP Warning:  Trying to access array offset on value of type bool in C:\Users\micha\Local Sites\salem-events-hub-discover-local-happenings\app\public\wp-content\plugins\elementor\includes\managers\image.php on line 113
[21-Feb-2025 16:26:13 UTC] PHP Warning:  Trying to access array offset on value of type bool in C:\Users\micha\Local Sites\salem-events-hub-discover-local-happenings\app\public\wp-content\plugins\elementor\includes\managers\image.php on line 113
[21-Feb-2025 16:26:13 UTC] PHP Warning:  Trying to access array offset on value of type bool in C:\Users\micha\Local Sites\salem-events-hub-discover-local-happenings\app\public\wp-content\plugins\elementor\includes\managers\image.php on line 113
[21-Feb-2025 16:26:13 UTC] PHP Warning:  Trying to access array offset on value of type bool in C:\Users\micha\Local Sites\salem-events-hub-discover-local-happenings\app\public\wp-content\plugins\elementor\includes\managers\image.php on line 113
